<?xml version="1.0" encoding="UTF-8"?>
<!-- Generated by org.testng.reporters.JUnitXMLReporter -->
<testsuite hostname="LAPTOP-4CFEINIF" name="verifyloginButtonTestdfsdfdsaf" tests="4" failures="1" timestamp="21 Nov 2021 07:28:40 GMT" time="44.252" errors="0">
  <testcase name="loginPageTitleTest" time="0.013" classname="HealthRecoverySolutionsTestCases.HealthRecoverySolutionsLoginTest"/>
  <testcase name="verifyloginButtonTest" time="1.222" classname="HealthRecoverySolutionsTestCases.HealthRecoverySolutionsLoginTest"/>
  <testcase name="verifyEmptyCredentials" time="0.018" classname="HealthRecoverySolutionsTestCases.HealthRecoverySolutionsLoginTest"/>
  <testcase name="verifyForgetPwdButton" time="1.453" classname="HealthRecoverySolutionsTestCases.HealthRecoverySolutionsLoginTest">
    <failure type="java.lang.AssertionError" message="expected [true] but found [false]">
      <![CDATA[java.lang.AssertionError: expected [true] but found [false]
	at HealthRecoverySolutionsTestCases.HealthRecoverySolutionsLoginTest.verifyForgetPwdButton(HealthRecoverySolutionsLoginTest.java:59)
... Removed 28 stack frames]]>
    </failure>
  </testcase> <!-- verifyForgetPwdButton -->
</testsuite> <!-- verifyloginButtonTestdfsdfdsaf -->
